<?xml version="1.0" encoding="UTF-8"?>
<!-- Generated by org.testng.reporters.JUnitXMLReporter -->
<testsuite ignored="0" hostname="Sonu-Macbook-Pro.local" failures="0" tests="2" name="EngageSanitySuite" time="56.608" errors="0" timestamp="28 Nov 2024 14:39:44 GMT">
  <testcase classname="com.example.AppTest" name="Login_With_Invalid_Credintials" time="28.88"/>
  <testcase classname="com.example.AppTest" name="Login_With_Valid_Credintials" time="24.604"/>
</testsuite> <!-- EngageSanitySuite -->
